<?xml version="1.0" encoding="UTF-8"?>
<!-- Generated by org.testng.reporters.JUnitReportReporter -->
<testsuite hostname="DESKTOP-1CCS179" failures="0" tests="1" name="ai.ds.testlayer.TransactionsTest" time="42.897" errors="0" timestamp="2022-12-09T10:06:28 IST" skipped="0">
  <testcase classname="ai.ds.testlayer.TransactionsTest" name="getTransactionsDetail" time="42.897"/>
  <system-out/>
</testsuite> <!-- ai.ds.testlayer.TransactionsTest -->
